{"/Users/mriedel/dev-priv/ShellWatch/src/config/index.ts": {"path":"/Users/mriedel/dev-priv/ShellWatch/src/config/index.ts","statementMap":{},"fnMap":{},"branchMap":{},"s":{},"f":{},"b":{},"meta":{"lastBranch":0,"lastFunction":0,"lastStatement":0,"seen":{}}}
,"/Users/mriedel/dev-priv/ShellWatch/src/config/loader.ts": {"path":"/Users/mriedel/dev-priv/ShellWatch/src/config/loader.ts","statementMap":{"0":{"start":{"line":7,"column":8},"end":{"line":7,"column":92}},"1":{"start":{"line":10,"column":2},"end":{"line":13,"column":null}},"2":{"start":{"line":11,"column":4},"end":{"line":11,"column":null}},"3":{"start":{"line":13,"column":4},"end":{"line":13,"column":null}},"4":{"start":{"line":17,"column":2},"end":{"line":20,"column":null}},"5":{"start":{"line":18,"column":4},"end":{"line":18,"column":null}},"6":{"start":{"line":20,"column":4},"end":{"line":20,"column":null}},"7":{"start":{"line":23,"column":17},"end":{"line":23,"column":47}},"8":{"start":{"line":24,"column":2},"end":{"line":28,"column":null}},"9":{"start":{"line":25,"column":19},"end":{"line":27,"column":17}},"10":{"start":{"line":26,"column":18},"end":{"line":26,"column":58}},"11":{"start":{"line":28,"column":4},"end":{"line":28,"column":null}},"12":{"start":{"line":31,"column":17},"end":{"line":31,"column":null}},"13":{"start":{"line":32,"column":8},"end":{"line":32,"column":41}},"14":{"start":{"line":34,"column":2},"end":{"line":42,"column":null}},"15":{"start":{"line":35,"column":10},"end":{"line":35,"column":61}},"16":{"start":{"line":36,"column":4},"end":{"line":39,"column":null}},"17":{"start":{"line":37,"column":6},"end":{"line":37,"column":null}},"18":{"start":{"line":39,"column":6},"end":{"line":39,"column":null}},"19":{"start":{"line":42,"column":4},"end":{"line":42,"column":null}},"20":{"start":{"line":45,"column":2},"end":{"line":45,"column":null}}},"fnMap":{"0":{"name":"loadConfig","decl":{"start":{"line":6,"column":16},"end":{"line":6,"column":27}},"loc":{"start":{"line":6,"column":56},"end":{"line":45,"column":null}},"line":6},"1":{"name":"(anonymous_1)","decl":{"start":{"line":26,"column":7},"end":{"line":26,"column":12}},"loc":{"start":{"line":26,"column":18},"end":{"line":26,"column":58}},"line":26}},"branchMap":{"0":{"loc":{"start":{"line":7,"column":31},"end":{"line":7,"column":92}},"type":"binary-expr","locations":[{"start":{"line":7,"column":31},"end":{"line":7,"column":45}},{"start":{"line":7,"column":45},"end":{"line":7,"column":78}},{"start":{"line":7,"column":78},"end":{"line":7,"column":92}}],"line":7},"1":{"loc":{"start":{"line":24,"column":2},"end":{"line":28,"column":null}},"type":"if","locations":[{"start":{"line":24,"column":2},"end":{"line":28,"column":null}},{"start":{},"end":{}}],"line":24}},"s":{"0":8,"1":8,"2":8,"3":1,"4":7,"5":7,"6":1,"7":6,"8":6,"9":2,"10":5,"11":2,"12":4,"13":4,"14":4,"15":5,"16":5,"17":5,"18":1,"19":4,"20":3},"f":{"0":8,"1":5},"b":{"0":[8,0,0],"1":[2,4]},"meta":{"lastBranch":2,"lastFunction":2,"lastStatement":21,"seen":{"f:6:16:6:27":0,"s:7:8:7:92":0,"b:7:31:7:45:7:45:7:78:7:78:7:92":0,"s:10:2:13:Infinity":1,"s:11:4:11:Infinity":2,"s:13:4:13:Infinity":3,"s:17:2:20:Infinity":4,"s:18:4:18:Infinity":5,"s:20:4:20:Infinity":6,"s:23:17:23:47":7,"b:24:2:28:Infinity:undefined:undefined:undefined:undefined":1,"s:24:2:28:Infinity":8,"s:25:19:27:17":9,"f:26:7:26:12":1,"s:26:18:26:58":10,"s:28:4:28:Infinity":11,"s:31:17:31:Infinity":12,"s:32:8:32:41":13,"s:34:2:42:Infinity":14,"s:35:10:35:61":15,"s:36:4:39:Infinity":16,"s:37:6:37:Infinity":17,"s:39:6:39:Infinity":18,"s:42:4:42:Infinity":19,"s:45:2:45:Infinity":20}}}
,"/Users/mriedel/dev-priv/ShellWatch/src/config/schema.ts": {"path":"/Users/mriedel/dev-priv/ShellWatch/src/config/schema.ts","statementMap":{"0":{"start":{"line":3,"column":30},"end":{"line":10,"column":2}},"1":{"start":{"line":12,"column":28},"end":{"line":14,"column":2}}},"fnMap":{},"branchMap":{},"s":{"0":1,"1":1},"f":{},"b":{},"meta":{"lastBranch":0,"lastFunction":0,"lastStatement":2,"seen":{"s:3:30:10:2":0,"s:12:28:14:2":1}}}
,"/Users/mriedel/dev-priv/ShellWatch/src/mcp/http-transport.ts": {"path":"/Users/mriedel/dev-priv/ShellWatch/src/mcp/http-transport.ts","statementMap":{"0":{"start":{"line":13,"column":21},"end":{"line":13,"column":69}},"1":{"start":{"line":15,"column":2},"end":{"line":64,"column":null}},"2":{"start":{"line":16,"column":4},"end":{"line":16,"column":null}},"3":{"start":{"line":16,"column":32},"end":{"line":16,"column":null}},"4":{"start":{"line":18,"column":22},"end":{"line":18,"column":null}},"5":{"start":{"line":19,"column":20},"end":{"line":19,"column":null}},"6":{"start":{"line":21,"column":4},"end":{"line":39,"column":null}},"7":{"start":{"line":22,"column":27},"end":{"line":24,"column":8}},"8":{"start":{"line":23,"column":8},"end":{"line":23,"column":46}},"9":{"start":{"line":26,"column":6},"end":{"line":28,"column":null}},"10":{"start":{"line":27,"column":8},"end":{"line":28,"column":null}},"11":{"start":{"line":28,"column":10},"end":{"line":28,"column":null}},"12":{"start":{"line":32,"column":6},"end":{"line":33,"column":null}},"13":{"start":{"line":33,"column":8},"end":{"line":33,"column":null}},"14":{"start":{"line":36,"column":12},"end":{"line":36,"column":64}},"15":{"start":{"line":37,"column":6},"end":{"line":37,"column":null}},"16":{"start":{"line":39,"column":6},"end":{"line":39,"column":null}},"17":{"start":{"line":42,"column":4},"end":{"line":54,"column":null}},"18":{"start":{"line":43,"column":6},"end":{"line":43,"column":null}},"19":{"start":{"line":45,"column":6},"end":{"line":45,"column":null}},"20":{"start":{"line":46,"column":6},"end":{"line":54,"column":null}},"21":{"start":{"line":47,"column":8},"end":{"line":47,"column":null}},"22":{"start":{"line":48,"column":8},"end":{"line":54,"column":null}},"23":{"start":{"line":59,"column":4},"end":{"line":60,"column":null}},"24":{"start":{"line":60,"column":6},"end":{"line":60,"column":null}},"25":{"start":{"line":63,"column":4},"end":{"line":63,"column":null}}},"fnMap":{"0":{"name":"registerMcpHttpTransport","decl":{"start":{"line":8,"column":22},"end":{"line":8,"column":null}},"loc":{"start":{"line":12,"column":2},"end":{"line":64,"column":null}},"line":12},"1":{"name":"(anonymous_1)","decl":{"start":{"line":15,"column":27},"end":{"line":15,"column":34}},"loc":{"start":{"line":15,"column":53},"end":{"line":64,"column":null}},"line":15},"2":{"name":"(anonymous_2)","decl":{"start":{"line":23,"column":8},"end":{"line":23,"column":34}},"loc":{"start":{"line":23,"column":8},"end":{"line":23,"column":46}},"line":23},"3":{"name":"(anonymous_3)","decl":{"start":{"line":26,"column":19},"end":{"line":26,"column":35}},"loc":{"start":{"line":26,"column":35},"end":{"line":28,"column":null}},"line":26},"4":{"name":"(anonymous_4)","decl":{"start":{"line":32,"column":19},"end":{"line":32,"column":30}},"loc":{"start":{"line":32,"column":38},"end":{"line":33,"column":null}},"line":32}},"branchMap":{"0":{"loc":{"start":{"line":16,"column":4},"end":{"line":16,"column":null}},"type":"if","locations":[{"start":{"line":16,"column":4},"end":{"line":16,"column":null}},{"start":{},"end":{}}],"line":16},"1":{"loc":{"start":{"line":19,"column":20},"end":{"line":19,"column":null}},"type":"cond-expr","locations":[{"start":{"line":19,"column":32},"end":{"line":19,"column":57}},{"start":{"line":19,"column":60},"end":{"line":19,"column":null}}],"line":19},"2":{"loc":{"start":{"line":21,"column":4},"end":{"line":39,"column":null}},"type":"if","locations":[{"start":{"line":21,"column":4},"end":{"line":39,"column":null}},{"start":{},"end":{}}],"line":21},"3":{"loc":{"start":{"line":27,"column":8},"end":{"line":28,"column":null}},"type":"if","locations":[{"start":{"line":27,"column":8},"end":{"line":28,"column":null}},{"start":{},"end":{}}],"line":27},"4":{"loc":{"start":{"line":46,"column":6},"end":{"line":54,"column":null}},"type":"if","locations":[{"start":{"line":46,"column":6},"end":{"line":54,"column":null}},{"start":{},"end":{}}],"line":46},"5":{"loc":{"start":{"line":59,"column":4},"end":{"line":60,"column":null}},"type":"if","locations":[{"start":{"line":59,"column":4},"end":{"line":60,"column":null}},{"start":{},"end":{}}],"line":59},"6":{"loc":{"start":{"line":59,"column":8},"end":{"line":59,"column":67}},"type":"binary-expr","locations":[{"start":{"line":59,"column":8},"end":{"line":59,"column":31}},{"start":{"line":59,"column":31},"end":{"line":59,"column":67}}],"line":59}},"s":{"0":0,"1":0,"2":0,"3":0,"4":0,"5":0,"6":0,"7":0,"8":0,"9":0,"10":0,"11":0,"12":0,"13":0,"14":0,"15":0,"16":0,"17":0,"18":0,"19":0,"20":0,"21":0,"22":0,"23":0,"24":0,"25":0},"f":{"0":0,"1":0,"2":0,"3":0,"4":0},"b":{"0":[0,0],"1":[0,0],"2":[0,0],"3":[0,0],"4":[0,0],"5":[0,0],"6":[0,0]},"meta":{"lastBranch":7,"lastFunction":5,"lastStatement":26,"seen":{"f:8:22:8:Infinity":0,"s:13:21:13:69":0,"s:15:2:64:Infinity":1,"f:15:27:15:34":1,"b:16:4:16:Infinity:undefined:undefined:undefined:undefined":0,"s:16:4:16:Infinity":2,"s:16:32:16:Infinity":3,"s:18:22:18:Infinity":4,"s:19:20:19:Infinity":5,"b:19:32:19:57:19:60:19:Infinity":1,"b:21:4:39:Infinity:undefined:undefined:undefined:undefined":2,"s:21:4:39:Infinity":6,"s:22:27:24:8":7,"f:23:8:23:34":2,"s:23:8:23:46":8,"s:26:6:28:Infinity":9,"f:26:19:26:35":3,"b:27:8:28:Infinity:undefined:undefined:undefined:undefined":3,"s:27:8:28:Infinity":10,"s:28:10:28:Infinity":11,"s:32:6:33:Infinity":12,"f:32:19:32:30":4,"s:33:8:33:Infinity":13,"s:36:12:36:64":14,"s:37:6:37:Infinity":15,"s:39:6:39:Infinity":16,"s:42:4:54:Infinity":17,"s:43:6:43:Infinity":18,"s:45:6:45:Infinity":19,"b:46:6:54:Infinity:undefined:undefined:undefined:undefined":4,"s:46:6:54:Infinity":20,"s:47:8:47:Infinity":21,"s:48:8:54:Infinity":22,"b:59:4:60:Infinity:undefined:undefined:undefined:undefined":5,"s:59:4:60:Infinity":23,"b:59:8:59:31:59:31:59:67":6,"s:60:6:60:Infinity":24,"s:63:4:63:Infinity":25}}}
,"/Users/mriedel/dev-priv/ShellWatch/src/mcp/index.ts": {"path":"/Users/mriedel/dev-priv/ShellWatch/src/mcp/index.ts","statementMap":{},"fnMap":{},"branchMap":{},"s":{},"f":{},"b":{},"meta":{"lastBranch":0,"lastFunction":0,"lastStatement":0,"seen":{}}}
,"/Users/mriedel/dev-priv/ShellWatch/src/mcp/server.ts": {"path":"/Users/mriedel/dev-priv/ShellWatch/src/mcp/server.ts","statementMap":{"0":{"start":{"line":7,"column":17},"end":{"line":10,"column":4}},"1":{"start":{"line":12,"column":2},"end":{"line":23,"column":null}},"2":{"start":{"line":13,"column":22},"end":{"line":19,"column":7}},"3":{"start":{"line":13,"column":83},"end":{"line":19,"column":7}},"4":{"start":{"line":20,"column":4},"end":{"line":22,"column":null}},"5":{"start":{"line":25,"column":2},"end":{"line":57,"column":null}},"6":{"start":{"line":32,"column":6},"end":{"line":54,"column":null}},"7":{"start":{"line":33,"column":24},"end":{"line":33,"column":71}},"8":{"start":{"line":34,"column":8},"end":{"line":49,"column":null}},"9":{"start":{"line":51,"column":8},"end":{"line":54,"column":null}},"10":{"start":{"line":59,"column":2},"end":{"line":70,"column":null}},"11":{"start":{"line":60,"column":21},"end":{"line":66,"column":7}},"12":{"start":{"line":60,"column":64},"end":{"line":66,"column":7}},"13":{"start":{"line":67,"column":4},"end":{"line":69,"column":null}},"14":{"start":{"line":72,"column":2},"end":{"line":92,"column":null}},"15":{"start":{"line":80,"column":6},"end":{"line":89,"column":null}},"16":{"start":{"line":81,"column":8},"end":{"line":81,"column":null}},"17":{"start":{"line":82,"column":8},"end":{"line":84,"column":null}},"18":{"start":{"line":86,"column":8},"end":{"line":89,"column":null}},"19":{"start":{"line":94,"column":2},"end":{"line":115,"column":null}},"20":{"start":{"line":103,"column":6},"end":{"line":112,"column":null}},"21":{"start":{"line":104,"column":23},"end":{"line":104,"column":80}},"22":{"start":{"line":105,"column":8},"end":{"line":107,"column":null}},"23":{"start":{"line":109,"column":8},"end":{"line":112,"column":null}},"24":{"start":{"line":117,"column":2},"end":{"line":136,"column":null}},"25":{"start":{"line":124,"column":6},"end":{"line":133,"column":null}},"26":{"start":{"line":125,"column":8},"end":{"line":125,"column":null}},"27":{"start":{"line":126,"column":8},"end":{"line":128,"column":null}},"28":{"start":{"line":130,"column":8},"end":{"line":133,"column":null}},"29":{"start":{"line":138,"column":2},"end":{"line":138,"column":null}}},"fnMap":{"0":{"name":"createMcpServer","decl":{"start":{"line":6,"column":16},"end":{"line":6,"column":32}},"loc":{"start":{"line":6,"column":93},"end":{"line":138,"column":null}},"line":6},"1":{"name":"(anonymous_1)","decl":{"start":{"line":12,"column":80},"end":{"line":12,"column":92}},"loc":{"start":{"line":12,"column":92},"end":{"line":23,"column":null}},"line":12},"2":{"name":"(anonymous_2)","decl":{"start":{"line":13,"column":37},"end":{"line":13,"column":42}},"loc":{"start":{"line":13,"column":83},"end":{"line":19,"column":7}},"line":13},"3":{"name":"(anonymous_3)","decl":{"start":{"line":31,"column":4},"end":{"line":31,"column":11}},"loc":{"start":{"line":31,"column":30},"end":{"line":57,"column":null}},"line":31},"4":{"name":"(anonymous_4)","decl":{"start":{"line":59,"column":83},"end":{"line":59,"column":95}},"loc":{"start":{"line":59,"column":95},"end":{"line":70,"column":null}},"line":59},"5":{"name":"(anonymous_5)","decl":{"start":{"line":60,"column":52},"end":{"line":60,"column":57}},"loc":{"start":{"line":60,"column":64},"end":{"line":66,"column":7}},"line":60},"6":{"name":"(anonymous_6)","decl":{"start":{"line":79,"column":4},"end":{"line":79,"column":11}},"loc":{"start":{"line":79,"column":36},"end":{"line":92,"column":null}},"line":79},"7":{"name":"(anonymous_7)","decl":{"start":{"line":102,"column":4},"end":{"line":102,"column":11}},"loc":{"start":{"line":102,"column":49},"end":{"line":115,"column":null}},"line":102},"8":{"name":"(anonymous_8)","decl":{"start":{"line":123,"column":4},"end":{"line":123,"column":11}},"loc":{"start":{"line":123,"column":29},"end":{"line":136,"column":null}},"line":123}},"branchMap":{},"s":{"0":9,"1":9,"2":1,"3":1,"4":1,"5":9,"6":2,"7":2,"8":1,"9":1,"10":9,"11":1,"12":1,"13":1,"14":9,"15":2,"16":2,"17":2,"18":1,"19":9,"20":2,"21":2,"22":2,"23":0,"24":9,"25":1,"26":1,"27":1,"28":0,"29":9},"f":{"0":9,"1":1,"2":1,"3":2,"4":1,"5":1,"6":2,"7":2,"8":1},"b":{},"meta":{"lastBranch":0,"lastFunction":9,"lastStatement":30,"seen":{"f:6:16:6:32":0,"s:7:17:10:4":0,"s:12:2:23:Infinity":1,"f:12:80:12:92":1,"s:13:22:19:7":2,"f:13:37:13:42":2,"s:13:83:19:7":3,"s:20:4:22:Infinity":4,"s:25:2:57:Infinity":5,"f:31:4:31:11":3,"s:32:6:54:Infinity":6,"s:33:24:33:71":7,"s:34:8:49:Infinity":8,"s:51:8:54:Infinity":9,"s:59:2:70:Infinity":10,"f:59:83:59:95":4,"s:60:21:66:7":11,"f:60:52:60:57":5,"s:60:64:66:7":12,"s:67:4:69:Infinity":13,"s:72:2:92:Infinity":14,"f:79:4:79:11":6,"s:80:6:89:Infinity":15,"s:81:8:81:Infinity":16,"s:82:8:84:Infinity":17,"s:86:8:89:Infinity":18,"s:94:2:115:Infinity":19,"f:102:4:102:11":7,"s:103:6:112:Infinity":20,"s:104:23:104:80":21,"s:105:8:107:Infinity":22,"s:109:8:112:Infinity":23,"s:117:2:136:Infinity":24,"f:123:4:123:11":8,"s:124:6:133:Infinity":25,"s:125:8:125:Infinity":26,"s:126:8:128:Infinity":27,"s:130:8:133:Infinity":28,"s:138:2:138:Infinity":29}}}
,"/Users/mriedel/dev-priv/ShellWatch/src/server/app.ts": {"path":"/Users/mriedel/dev-priv/ShellWatch/src/server/app.ts","statementMap":{"0":{"start":{"line":12,"column":8},"end":{"line":12,"column":39}},"1":{"start":{"line":14,"column":2},"end":{"line":14,"column":null}},"2":{"start":{"line":15,"column":2},"end":{"line":15,"column":null}},"3":{"start":{"line":18,"column":2},"end":{"line":18,"column":null}},"4":{"start":{"line":18,"column":34},"end":{"line":18,"column":50}},"5":{"start":{"line":21,"column":2},"end":{"line":29,"column":null}},"6":{"start":{"line":21,"column":41},"end":{"line":28,"column":null}},"7":{"start":{"line":22,"column":76},"end":{"line":28,"column":7}},"8":{"start":{"line":32,"column":2},"end":{"line":41,"column":null}},"9":{"start":{"line":33,"column":4},"end":{"line":39,"column":null}},"10":{"start":{"line":34,"column":29},"end":{"line":34,"column":null}},"11":{"start":{"line":35,"column":22},"end":{"line":35,"column":68}},"12":{"start":{"line":36,"column":6},"end":{"line":36,"column":null}},"13":{"start":{"line":38,"column":6},"end":{"line":38,"column":null}},"14":{"start":{"line":39,"column":6},"end":{"line":39,"column":null}},"15":{"start":{"line":43,"column":2},"end":{"line":45,"column":null}},"16":{"start":{"line":43,"column":40},"end":{"line":44,"column":null}},"17":{"start":{"line":47,"column":2},"end":{"line":58,"column":null}},"18":{"start":{"line":50,"column":6},"end":{"line":55,"column":null}},"19":{"start":{"line":51,"column":8},"end":{"line":51,"column":null}},"20":{"start":{"line":52,"column":8},"end":{"line":52,"column":null}},"21":{"start":{"line":54,"column":8},"end":{"line":54,"column":null}},"22":{"start":{"line":55,"column":8},"end":{"line":55,"column":null}},"23":{"start":{"line":61,"column":2},"end":{"line":61,"column":null}},"24":{"start":{"line":64,"column":2},"end":{"line":64,"column":null}},"25":{"start":{"line":67,"column":8},"end":{"line":67,"column":65}},"26":{"start":{"line":68,"column":15},"end":{"line":75,"column":4}},"27":{"start":{"line":77,"column":2},"end":{"line":81,"column":null}},"28":{"start":{"line":78,"column":4},"end":{"line":80,"column":null}},"29":{"start":{"line":79,"column":6},"end":{"line":79,"column":null}},"30":{"start":{"line":83,"column":2},"end":{"line":83,"column":null}}},"fnMap":{"0":{"name":"buildApp","decl":{"start":{"line":11,"column":22},"end":{"line":11,"column":31}},"loc":{"start":{"line":11,"column":81},"end":{"line":83,"column":null}},"line":11},"1":{"name":"(anonymous_1)","decl":{"start":{"line":18,"column":21},"end":{"line":18,"column":34}},"loc":{"start":{"line":18,"column":34},"end":{"line":18,"column":50}},"line":18},"2":{"name":"(anonymous_2)","decl":{"start":{"line":21,"column":28},"end":{"line":21,"column":41}},"loc":{"start":{"line":21,"column":41},"end":{"line":28,"column":null}},"line":21},"3":{"name":"(anonymous_3)","decl":{"start":{"line":22,"column":30},"end":{"line":22,"column":35}},"loc":{"start":{"line":22,"column":76},"end":{"line":28,"column":7}},"line":22},"4":{"name":"(anonymous_4)","decl":{"start":{"line":32,"column":62},"end":{"line":32,"column":69}},"loc":{"start":{"line":32,"column":88},"end":{"line":41,"column":null}},"line":32},"5":{"name":"(anonymous_5)","decl":{"start":{"line":43,"column":27},"end":{"line":43,"column":40}},"loc":{"start":{"line":43,"column":40},"end":{"line":44,"column":null}},"line":43},"6":{"name":"(anonymous_6)","decl":{"start":{"line":49,"column":4},"end":{"line":49,"column":11}},"loc":{"start":{"line":49,"column":30},"end":{"line":58,"column":null}},"line":49},"7":{"name":"(anonymous_7)","decl":{"start":{"line":77,"column":6},"end":{"line":77,"column":26}},"loc":{"start":{"line":77,"column":45},"end":{"line":81,"column":null}},"line":77},"8":{"name":"(anonymous_8)","decl":{"start":{"line":78,"column":47},"end":{"line":78,"column":58}},"loc":{"start":{"line":78,"column":58},"end":{"line":80,"column":null}},"line":78}},"branchMap":{},"s":{"0":0,"1":0,"2":0,"3":0,"4":0,"5":0,"6":0,"7":0,"8":0,"9":0,"10":0,"11":0,"12":0,"13":0,"14":0,"15":0,"16":0,"17":0,"18":0,"19":0,"20":0,"21":0,"22":0,"23":0,"24":0,"25":0,"26":0,"27":0,"28":0,"29":0,"30":0},"f":{"0":0,"1":0,"2":0,"3":0,"4":0,"5":0,"6":0,"7":0,"8":0},"b":{},"meta":{"lastBranch":0,"lastFunction":9,"lastStatement":31,"seen":{"f:11:22:11:31":0,"s:12:8:12:39":0,"s:14:2:14:Infinity":1,"s:15:2:15:Infinity":2,"s:18:2:18:Infinity":3,"f:18:21:18:34":1,"s:18:34:18:50":4,"s:21:2:29:Infinity":5,"f:21:28:21:41":2,"s:21:41:28:Infinity":6,"f:22:30:22:35":3,"s:22:76:28:7":7,"s:32:2:41:Infinity":8,"f:32:62:32:69":4,"s:33:4:39:Infinity":9,"s:34:29:34:Infinity":10,"s:35:22:35:68":11,"s:36:6:36:Infinity":12,"s:38:6:38:Infinity":13,"s:39:6:39:Infinity":14,"s:43:2:45:Infinity":15,"f:43:27:43:40":5,"s:43:40:44:Infinity":16,"s:47:2:58:Infinity":17,"f:49:4:49:11":6,"s:50:6:55:Infinity":18,"s:51:8:51:Infinity":19,"s:52:8:52:Infinity":20,"s:54:8:54:Infinity":21,"s:55:8:55:Infinity":22,"s:61:2:61:Infinity":23,"s:64:2:64:Infinity":24,"s:67:8:67:65":25,"s:68:15:75:4":26,"s:77:2:81:Infinity":27,"f:77:6:77:26":7,"s:78:4:80:Infinity":28,"f:78:47:78:58":8,"s:79:6:79:Infinity":29,"s:83:2:83:Infinity":30}}}
,"/Users/mriedel/dev-priv/ShellWatch/src/server/ws-handler.ts": {"path":"/Users/mriedel/dev-priv/ShellWatch/src/server/ws-handler.ts","statementMap":{"0":{"start":{"line":7,"column":18},"end":{"line":7,"column":38}},"1":{"start":{"line":10,"column":17},"end":{"line":10,"column":36}},"2":{"start":{"line":11,"column":4},"end":{"line":13,"column":null}},"3":{"start":{"line":12,"column":6},"end":{"line":13,"column":null}},"4":{"start":{"line":13,"column":8},"end":{"line":13,"column":null}},"5":{"start":{"line":19,"column":4},"end":{"line":28,"column":null}},"6":{"start":{"line":21,"column":59},"end":{"line":27,"column":null}},"7":{"start":{"line":32,"column":2},"end":{"line":34,"column":null}},"8":{"start":{"line":33,"column":4},"end":{"line":33,"column":null}},"9":{"start":{"line":36,"column":2},"end":{"line":122,"column":null}},"10":{"start":{"line":37,"column":4},"end":{"line":37,"column":null}},"11":{"start":{"line":38,"column":29},"end":{"line":38,"column":46}},"12":{"start":{"line":41,"column":6},"end":{"line":42,"column":null}},"13":{"start":{"line":42,"column":8},"end":{"line":42,"column":null}},"14":{"start":{"line":47,"column":6},"end":{"line":47,"column":null}},"15":{"start":{"line":51,"column":4},"end":{"line":51,"column":null}},"16":{"start":{"line":55,"column":6},"end":{"line":56,"column":null}},"17":{"start":{"line":56,"column":8},"end":{"line":56,"column":null}},"18":{"start":{"line":61,"column":6},"end":{"line":63,"column":null}},"19":{"start":{"line":62,"column":8},"end":{"line":62,"column":null}},"20":{"start":{"line":63,"column":8},"end":{"line":63,"column":null}},"21":{"start":{"line":67,"column":4},"end":{"line":67,"column":null}},"22":{"start":{"line":68,"column":4},"end":{"line":68,"column":null}},"23":{"start":{"line":70,"column":4},"end":{"line":114,"column":null}},"24":{"start":{"line":71,"column":12},"end":{"line":71,"column":91}},"25":{"start":{"line":72,"column":6},"end":{"line":74,"column":null}},"26":{"start":{"line":73,"column":8},"end":{"line":73,"column":null}},"27":{"start":{"line":74,"column":8},"end":{"line":74,"column":null}},"28":{"start":{"line":77,"column":6},"end":{"line":112,"column":null}},"29":{"start":{"line":78,"column":8},"end":{"line":108,"column":null}},"30":{"start":{"line":80,"column":28},"end":{"line":80,"column":69}},"31":{"start":{"line":81,"column":12},"end":{"line":83,"column":null}},"32":{"start":{"line":82,"column":14},"end":{"line":82,"column":null}},"33":{"start":{"line":83,"column":14},"end":{"line":83,"column":null}},"34":{"start":{"line":85,"column":12},"end":{"line":85,"column":null}},"35":{"start":{"line":86,"column":12},"end":{"line":86,"column":null}},"36":{"start":{"line":89,"column":29},"end":{"line":89,"column":70}},"37":{"start":{"line":90,"column":12},"end":{"line":91,"column":null}},"38":{"start":{"line":91,"column":14},"end":{"line":91,"column":null}},"39":{"start":{"line":93,"column":12},"end":{"line":93,"column":null}},"40":{"start":{"line":97,"column":12},"end":{"line":97,"column":null}},"41":{"start":{"line":98,"column":12},"end":{"line":98,"column":null}},"42":{"start":{"line":102,"column":12},"end":{"line":102,"column":null}},"43":{"start":{"line":103,"column":12},"end":{"line":103,"column":null}},"44":{"start":{"line":107,"column":12},"end":{"line":107,"column":null}},"45":{"start":{"line":108,"column":12},"end":{"line":108,"column":null}},"46":{"start":{"line":112,"column":8},"end":{"line":112,"column":null}},"47":{"start":{"line":116,"column":4},"end":{"line":121,"column":null}},"48":{"start":{"line":117,"column":6},"end":{"line":117,"column":null}},"49":{"start":{"line":118,"column":6},"end":{"line":118,"column":null}},"50":{"start":{"line":119,"column":6},"end":{"line":119,"column":null}},"51":{"start":{"line":120,"column":6},"end":{"line":120,"column":null}}},"fnMap":{"0":{"name":"registerWebSocket","decl":{"start":{"line":6,"column":16},"end":{"line":6,"column":34}},"loc":{"start":{"line":6,"column":90},"end":{"line":122,"column":null}},"line":6},"1":{"name":"broadcast","decl":{"start":{"line":9,"column":11},"end":{"line":9,"column":21}},"loc":{"start":{"line":9,"column":41},"end":{"line":13,"column":null}},"line":9},"2":{"name":"buildSessionList","decl":{"start":{"line":18,"column":11},"end":{"line":18,"column":45}},"loc":{"start":{"line":18,"column":45},"end":{"line":28,"column":null}},"line":18},"3":{"name":"(anonymous_3)","decl":{"start":{"line":21,"column":47},"end":{"line":21,"column":52}},"loc":{"start":{"line":21,"column":59},"end":{"line":27,"column":null}},"line":21},"4":{"name":"(anonymous_4)","decl":{"start":{"line":32,"column":21},"end":{"line":32,"column":44}},"loc":{"start":{"line":32,"column":44},"end":{"line":34,"column":null}},"line":32},"5":{"name":"(anonymous_5)","decl":{"start":{"line":36,"column":36},"end":{"line":36,"column":39}},"loc":{"start":{"line":36,"column":61},"end":{"line":122,"column":null}},"line":36},"6":{"name":"send","decl":{"start":{"line":40,"column":13},"end":{"line":40,"column":18}},"loc":{"start":{"line":40,"column":38},"end":{"line":42,"column":null}},"line":40},"7":{"name":"sendError","decl":{"start":{"line":46,"column":13},"end":{"line":46,"column":23}},"loc":{"start":{"line":46,"column":40},"end":{"line":47,"column":null}},"line":46},"8":{"name":"onOutput","decl":{"start":{"line":54,"column":13},"end":{"line":54,"column":22}},"loc":{"start":{"line":54,"column":80},"end":{"line":56,"column":null}},"line":54},"9":{"name":"onClose","decl":{"start":{"line":60,"column":13},"end":{"line":60,"column":21}},"loc":{"start":{"line":60,"column":59},"end":{"line":63,"column":null}},"line":60},"10":{"name":"(anonymous_10)","decl":{"start":{"line":70,"column":14},"end":{"line":70,"column":26}},"loc":{"start":{"line":70,"column":51},"end":{"line":114,"column":null}},"line":70},"11":{"name":"(anonymous_11)","decl":{"start":{"line":116,"column":14},"end":{"line":116,"column":29}},"loc":{"start":{"line":116,"column":29},"end":{"line":121,"column":null}},"line":116}},"branchMap":{"0":{"loc":{"start":{"line":12,"column":6},"end":{"line":13,"column":null}},"type":"if","locations":[{"start":{"line":12,"column":6},"end":{"line":13,"column":null}},{"start":{},"end":{}}],"line":12},"1":{"loc":{"start":{"line":41,"column":6},"end":{"line":42,"column":null}},"type":"if","locations":[{"start":{"line":41,"column":6},"end":{"line":42,"column":null}},{"start":{},"end":{}}],"line":41},"2":{"loc":{"start":{"line":55,"column":6},"end":{"line":56,"column":null}},"type":"if","locations":[{"start":{"line":55,"column":6},"end":{"line":56,"column":null}},{"start":{},"end":{}}],"line":55},"3":{"loc":{"start":{"line":61,"column":6},"end":{"line":63,"column":null}},"type":"if","locations":[{"start":{"line":61,"column":6},"end":{"line":63,"column":null}},{"start":{},"end":{}}],"line":61},"4":{"loc":{"start":{"line":71,"column":37},"end":{"line":71,"column":90}},"type":"cond-expr","locations":[{"start":{"line":71,"column":63},"end":{"line":71,"column":69}},{"start":{"line":71,"column":69},"end":{"line":71,"column":90}}],"line":71},"5":{"loc":{"start":{"line":72,"column":6},"end":{"line":74,"column":null}},"type":"if","locations":[{"start":{"line":72,"column":6},"end":{"line":74,"column":null}},{"start":{},"end":{}}],"line":72},"6":{"loc":{"start":{"line":78,"column":8},"end":{"line":108,"column":null}},"type":"switch","locations":[{"start":{"line":79,"column":10},"end":{"line":93,"column":null}},{"start":{"line":96,"column":10},"end":{"line":98,"column":null}},{"start":{"line":101,"column":10},"end":{"line":103,"column":null}},{"start":{"line":106,"column":10},"end":{"line":108,"column":null}}],"line":78},"7":{"loc":{"start":{"line":81,"column":12},"end":{"line":83,"column":null}},"type":"if","locations":[{"start":{"line":81,"column":12},"end":{"line":83,"column":null}},{"start":{},"end":{}}],"line":81},"8":{"loc":{"start":{"line":90,"column":12},"end":{"line":91,"column":null}},"type":"if","locations":[{"start":{"line":90,"column":12},"end":{"line":91,"column":null}},{"start":{},"end":{}}],"line":90}},"s":{"0":0,"1":0,"2":0,"3":0,"4":0,"5":0,"6":0,"7":0,"8":0,"9":0,"10":0,"11":0,"12":0,"13":0,"14":0,"15":0,"16":0,"17":0,"18":0,"19":0,"20":0,"21":0,"22":0,"23":0,"24":0,"25":0,"26":0,"27":0,"28":0,"29":0,"30":0,"31":0,"32":0,"33":0,"34":0,"35":0,"36":0,"37":0,"38":0,"39":0,"40":0,"41":0,"42":0,"43":0,"44":0,"45":0,"46":0,"47":0,"48":0,"49":0,"50":0,"51":0},"f":{"0":0,"1":0,"2":0,"3":0,"4":0,"5":0,"6":0,"7":0,"8":0,"9":0,"10":0,"11":0},"b":{"0":[0,0],"1":[0,0],"2":[0,0],"3":[0,0],"4":[0,0],"5":[0,0],"6":[0,0,0,0],"7":[0,0],"8":[0,0]},"meta":{"lastBranch":9,"lastFunction":12,"lastStatement":52,"seen":{"f:6:16:6:34":0,"s:7:18:7:38":0,"f:9:11:9:21":1,"s:10:17:10:36":1,"s:11:4:13:Infinity":2,"b:12:6:13:Infinity:undefined:undefined:undefined:undefined":0,"s:12:6:13:Infinity":3,"s:13:8:13:Infinity":4,"f:18:11:18:45":2,"s:19:4:28:Infinity":5,"f:21:47:21:52":3,"s:21:59:27:Infinity":6,"s:32:2:34:Infinity":7,"f:32:21:32:44":4,"s:33:4:33:Infinity":8,"s:36:2:122:Infinity":9,"f:36:36:36:39":5,"s:37:4:37:Infinity":10,"s:38:29:38:46":11,"f:40:13:40:18":6,"b:41:6:42:Infinity:undefined:undefined:undefined:undefined":1,"s:41:6:42:Infinity":12,"s:42:8:42:Infinity":13,"f:46:13:46:23":7,"s:47:6:47:Infinity":14,"s:51:4:51:Infinity":15,"f:54:13:54:22":8,"b:55:6:56:Infinity:undefined:undefined:undefined:undefined":2,"s:55:6:56:Infinity":16,"s:56:8:56:Infinity":17,"f:60:13:60:21":9,"b:61:6:63:Infinity:undefined:undefined:undefined:undefined":3,"s:61:6:63:Infinity":18,"s:62:8:62:Infinity":19,"s:63:8:63:Infinity":20,"s:67:4:67:Infinity":21,"s:68:4:68:Infinity":22,"s:70:4:114:Infinity":23,"f:70:14:70:26":10,"s:71:12:71:91":24,"b:71:63:71:69:71:69:71:90":4,"b:72:6:74:Infinity:undefined:undefined:undefined:undefined":5,"s:72:6:74:Infinity":25,"s:73:8:73:Infinity":26,"s:74:8:74:Infinity":27,"s:77:6:112:Infinity":28,"b:79:10:93:Infinity:96:10:98:Infinity:101:10:103:Infinity:106:10:108:Infinity":6,"s:78:8:108:Infinity":29,"s:80:28:80:69":30,"b:81:12:83:Infinity:undefined:undefined:undefined:undefined":7,"s:81:12:83:Infinity":31,"s:82:14:82:Infinity":32,"s:83:14:83:Infinity":33,"s:85:12:85:Infinity":34,"s:86:12:86:Infinity":35,"s:89:29:89:70":36,"b:90:12:91:Infinity:undefined:undefined:undefined:undefined":8,"s:90:12:91:Infinity":37,"s:91:14:91:Infinity":38,"s:93:12:93:Infinity":39,"s:97:12:97:Infinity":40,"s:98:12:98:Infinity":41,"s:102:12:102:Infinity":42,"s:103:12:103:Infinity":43,"s:107:12:107:Infinity":44,"s:108:12:108:Infinity":45,"s:112:8:112:Infinity":46,"s:116:4:121:Infinity":47,"f:116:14:116:29":11,"s:117:6:117:Infinity":48,"s:118:6:118:Infinity":49,"s:119:6:119:Infinity":50,"s:120:6:120:Infinity":51}}}
,"/Users/mriedel/dev-priv/ShellWatch/src/server/ws-protocol.ts": {"path":"/Users/mriedel/dev-priv/ShellWatch/src/server/ws-protocol.ts","statementMap":{"0":{"start":{"line":27,"column":2},"end":{"line":32,"column":null}},"1":{"start":{"line":28,"column":16},"end":{"line":28,"column":31}},"2":{"start":{"line":29,"column":4},"end":{"line":29,"column":null}},"3":{"start":{"line":29,"column":46},"end":{"line":29,"column":null}},"4":{"start":{"line":30,"column":4},"end":{"line":30,"column":null}},"5":{"start":{"line":32,"column":4},"end":{"line":32,"column":null}}},"fnMap":{"0":{"name":"parseClientMessage","decl":{"start":{"line":26,"column":16},"end":{"line":26,"column":35}},"loc":{"start":{"line":26,"column":70},"end":{"line":32,"column":null}},"line":26}},"branchMap":{"0":{"loc":{"start":{"line":29,"column":4},"end":{"line":29,"column":null}},"type":"if","locations":[{"start":{"line":29,"column":4},"end":{"line":29,"column":null}},{"start":{},"end":{}}],"line":29},"1":{"loc":{"start":{"line":29,"column":8},"end":{"line":29,"column":46}},"type":"binary-expr","locations":[{"start":{"line":29,"column":8},"end":{"line":29,"column":16}},{"start":{"line":29,"column":16},"end":{"line":29,"column":46}}],"line":29}},"s":{"0":0,"1":0,"2":0,"3":0,"4":0,"5":0},"f":{"0":0},"b":{"0":[0,0],"1":[0,0]},"meta":{"lastBranch":2,"lastFunction":1,"lastStatement":6,"seen":{"f:26:16:26:35":0,"s:27:2:32:Infinity":0,"s:28:16:28:31":1,"b:29:4:29:Infinity:undefined:undefined:undefined:undefined":0,"s:29:4:29:Infinity":2,"b:29:8:29:16:29:16:29:46":1,"s:29:46:29:Infinity":3,"s:30:4:30:Infinity":4,"s:32:4:32:Infinity":5}}}
,"/Users/mriedel/dev-priv/ShellWatch/src/terminal/index.ts": {"path":"/Users/mriedel/dev-priv/ShellWatch/src/terminal/index.ts","statementMap":{},"fnMap":{},"branchMap":{},"s":{},"f":{},"b":{},"meta":{"lastBranch":0,"lastFunction":0,"lastStatement":0,"seen":{}}}
,"/Users/mriedel/dev-priv/ShellWatch/src/terminal/output-buffer.ts": {"path":"/Users/mriedel/dev-priv/ShellWatch/src/terminal/output-buffer.ts","statementMap":{"0":{"start":{"line":3,"column":25},"end":{"line":3,"column":null}},"1":{"start":{"line":6,"column":19},"end":{"line":6,"column":null}},"2":{"start":{"line":7,"column":23},"end":{"line":7,"column":null}},"3":{"start":{"line":11,"column":4},"end":{"line":11,"column":null}},"4":{"start":{"line":15,"column":4},"end":{"line":15,"column":null}},"5":{"start":{"line":17,"column":4},"end":{"line":20,"column":null}},"6":{"start":{"line":18,"column":21},"end":{"line":18,"column":null}},"7":{"start":{"line":19,"column":6},"end":{"line":19,"column":null}},"8":{"start":{"line":20,"column":6},"end":{"line":20,"column":null}},"9":{"start":{"line":25,"column":26},"end":{"line":25,"column":68}},"10":{"start":{"line":26,"column":22},"end":{"line":26,"column":77}},"11":{"start":{"line":27,"column":22},"end":{"line":27,"column":null}},"12":{"start":{"line":28,"column":20},"end":{"line":28,"column":null}},"13":{"start":{"line":30,"column":4},"end":{"line":30,"column":null}},"14":{"start":{"line":34,"column":4},"end":{"line":34,"column":null}},"15":{"start":{"line":38,"column":4},"end":{"line":38,"column":null}},"16":{"start":{"line":39,"column":4},"end":{"line":39,"column":null}}},"fnMap":{"0":{"name":"(anonymous_0)","decl":{"start":{"line":10,"column":2},"end":{"line":10,"column":14}},"loc":{"start":{"line":10,"column":42},"end":{"line":11,"column":null}},"line":10},"1":{"name":"(anonymous_1)","decl":{"start":{"line":14,"column":2},"end":{"line":14,"column":9}},"loc":{"start":{"line":14,"column":29},"end":{"line":20,"column":null}},"line":14},"2":{"name":"(anonymous_2)","decl":{"start":{"line":24,"column":2},"end":{"line":24,"column":7}},"loc":{"start":{"line":24,"column":56},"end":{"line":30,"column":null}},"line":24},"3":{"name":"(anonymous_3)","decl":{"start":{"line":33,"column":6},"end":{"line":33,"column":30}},"loc":{"start":{"line":33,"column":30},"end":{"line":34,"column":null}},"line":33},"4":{"name":"(anonymous_4)","decl":{"start":{"line":37,"column":2},"end":{"line":37,"column":16}},"loc":{"start":{"line":37,"column":16},"end":{"line":39,"column":null}},"line":37}},"branchMap":{"0":{"loc":{"start":{"line":10,"column":14},"end":{"line":10,"column":42}},"type":"default-arg","locations":[{"start":{"line":10,"column":24},"end":{"line":10,"column":42}}],"line":10},"1":{"loc":{"start":{"line":17,"column":4},"end":{"line":20,"column":null}},"type":"if","locations":[{"start":{"line":17,"column":4},"end":{"line":20,"column":null}},{"start":{},"end":{}}],"line":17},"2":{"loc":{"start":{"line":24,"column":7},"end":{"line":24,"column":24}},"type":"default-arg","locations":[{"start":{"line":24,"column":21},"end":{"line":24,"column":24}}],"line":24},"3":{"loc":{"start":{"line":24,"column":24},"end":{"line":24,"column":56}},"type":"default-arg","locations":[{"start":{"line":24,"column":32},"end":{"line":24,"column":56}}],"line":24}},"s":{"0":2,"1":29,"2":29,"3":29,"4":17,"5":17,"6":2,"7":2,"8":2,"9":16,"10":16,"11":16,"12":16,"13":16,"14":3,"15":8,"16":8},"f":{"0":29,"1":17,"2":16,"3":3,"4":8},"b":{"0":[29],"1":[2,15],"2":[16],"3":[16]},"meta":{"lastBranch":4,"lastFunction":5,"lastStatement":17,"seen":{"s:3:25:3:Infinity":0,"s:6:19:6:Infinity":1,"s:7:23:7:Infinity":2,"f:10:2:10:14":0,"b:10:24:10:42":0,"s:11:4:11:Infinity":3,"f:14:2:14:9":1,"s:15:4:15:Infinity":4,"b:17:4:20:Infinity:undefined:undefined:undefined:undefined":1,"s:17:4:20:Infinity":5,"s:18:21:18:Infinity":6,"s:19:6:19:Infinity":7,"s:20:6:20:Infinity":8,"f:24:2:24:7":2,"b:24:21:24:24":2,"b:24:32:24:56":3,"s:25:26:25:68":9,"s:26:22:26:77":10,"s:27:22:27:Infinity":11,"s:28:20:28:Infinity":12,"s:30:4:30:Infinity":13,"f:33:6:33:30":3,"s:34:4:34:Infinity":14,"f:37:2:37:16":4,"s:38:4:38:Infinity":15,"s:39:4:39:Infinity":16}}}
,"/Users/mriedel/dev-priv/ShellWatch/src/terminal/terminal-manager.ts": {"path":"/Users/mriedel/dev-priv/ShellWatch/src/terminal/terminal-manager.ts","statementMap":{"0":{"start":{"line":26,"column":29},"end":{"line":26,"column":null}},"1":{"start":{"line":27,"column":33},"end":{"line":27,"column":null}},"2":{"start":{"line":30,"column":22},"end":{"line":30,"column":56}},"3":{"start":{"line":31,"column":64},"end":{"line":31,"column":null}},"4":{"start":{"line":40,"column":4},"end":{"line":40,"column":null}},"5":{"start":{"line":36,"column":12},"end":{"line":36,"column":null}},"6":{"start":{"line":37,"column":12},"end":{"line":37,"column":null}},"7":{"start":{"line":41,"column":4},"end":{"line":41,"column":null}},"8":{"start":{"line":42,"column":4},"end":{"line":42,"column":null}},"9":{"start":{"line":44,"column":28},"end":{"line":44,"column":null}},"10":{"start":{"line":45,"column":4},"end":{"line":45,"column":null}},"11":{"start":{"line":45,"column":42},"end":{"line":45,"column":69}},"12":{"start":{"line":46,"column":4},"end":{"line":46,"column":null}},"13":{"start":{"line":50,"column":21},"end":{"line":50,"column":73}},"14":{"start":{"line":50,"column":53},"end":{"line":50,"column":73}},"15":{"start":{"line":51,"column":4},"end":{"line":52,"column":null}},"16":{"start":{"line":52,"column":6},"end":{"line":52,"column":null}},"17":{"start":{"line":55,"column":10},"end":{"line":55,"column":41}},"18":{"start":{"line":56,"column":16},"end":{"line":56,"column":26}},"19":{"start":{"line":58,"column":37},"end":{"line":65,"column":null}},"20":{"start":{"line":67,"column":19},"end":{"line":67,"column":61}},"21":{"start":{"line":70,"column":4},"end":{"line":74,"column":null}},"22":{"start":{"line":71,"column":6},"end":{"line":71,"column":null}},"23":{"start":{"line":73,"column":6},"end":{"line":73,"column":null}},"24":{"start":{"line":74,"column":6},"end":{"line":74,"column":null}},"25":{"start":{"line":77,"column":37},"end":{"line":77,"column":null}},"26":{"start":{"line":78,"column":4},"end":{"line":78,"column":null}},"27":{"start":{"line":80,"column":4},"end":{"line":84,"column":null}},"28":{"start":{"line":81,"column":6},"end":{"line":81,"column":null}},"29":{"start":{"line":82,"column":6},"end":{"line":82,"column":null}},"30":{"start":{"line":83,"column":6},"end":{"line":83,"column":null}},"31":{"start":{"line":86,"column":4},"end":{"line":88,"column":null}},"32":{"start":{"line":87,"column":6},"end":{"line":87,"column":null}},"33":{"start":{"line":90,"column":4},"end":{"line":92,"column":null}},"34":{"start":{"line":91,"column":6},"end":{"line":91,"column":null}},"35":{"start":{"line":94,"column":4},"end":{"line":94,"column":null}},"36":{"start":{"line":95,"column":4},"end":{"line":95,"column":null}},"37":{"start":{"line":99,"column":20},"end":{"line":99,"column":46}},"38":{"start":{"line":100,"column":4},"end":{"line":101,"column":null}},"39":{"start":{"line":101,"column":6},"end":{"line":101,"column":null}},"40":{"start":{"line":103,"column":4},"end":{"line":103,"column":null}},"41":{"start":{"line":104,"column":4},"end":{"line":104,"column":null}},"42":{"start":{"line":108,"column":20},"end":{"line":108,"column":46}},"43":{"start":{"line":109,"column":4},"end":{"line":109,"column":null}},"44":{"start":{"line":113,"column":20},"end":{"line":113,"column":46}},"45":{"start":{"line":114,"column":4},"end":{"line":115,"column":null}},"46":{"start":{"line":115,"column":6},"end":{"line":115,"column":null}},"47":{"start":{"line":117,"column":4},"end":{"line":117,"column":null}},"48":{"start":{"line":121,"column":4},"end":{"line":123,"column":null}},"49":{"start":{"line":122,"column":21},"end":{"line":122,"column":51}},"50":{"start":{"line":123,"column":19},"end":{"line":123,"column":35}},"51":{"start":{"line":127,"column":20},"end":{"line":127,"column":49}},"52":{"start":{"line":128,"column":4},"end":{"line":128,"column":null}},"53":{"start":{"line":132,"column":20},"end":{"line":132,"column":46}},"54":{"start":{"line":133,"column":4},"end":{"line":134,"column":null}},"55":{"start":{"line":134,"column":6},"end":{"line":134,"column":null}},"56":{"start":{"line":136,"column":4},"end":{"line":136,"column":null}},"57":{"start":{"line":137,"column":4},"end":{"line":137,"column":null}},"58":{"start":{"line":138,"column":4},"end":{"line":138,"column":null}},"59":{"start":{"line":139,"column":4},"end":{"line":139,"column":null}},"60":{"start":{"line":140,"column":4},"end":{"line":140,"column":null}},"61":{"start":{"line":144,"column":4},"end":{"line":146,"column":null}},"62":{"start":{"line":145,"column":6},"end":{"line":145,"column":null}},"63":{"start":{"line":146,"column":6},"end":{"line":146,"column":null}},"64":{"start":{"line":148,"column":4},"end":{"line":149,"column":null}},"65":{"start":{"line":149,"column":6},"end":{"line":149,"column":null}},"66":{"start":{"line":154,"column":20},"end":{"line":154,"column":49}},"67":{"start":{"line":155,"column":4},"end":{"line":156,"column":null}},"68":{"start":{"line":156,"column":6},"end":{"line":156,"column":null}},"69":{"start":{"line":158,"column":4},"end":{"line":158,"column":null}},"70":{"start":{"line":162,"column":27},"end":{"line":162,"column":null}},"71":{"start":{"line":163,"column":4},"end":{"line":163,"column":null}},"72":{"start":{"line":163,"column":35},"end":{"line":163,"column":null}},"73":{"start":{"line":164,"column":4},"end":{"line":164,"column":null}},"74":{"start":{"line":165,"column":4},"end":{"line":169,"column":null}},"75":{"start":{"line":170,"column":4},"end":{"line":171,"column":null}},"76":{"start":{"line":171,"column":6},"end":{"line":171,"column":null}},"77":{"start":{"line":176,"column":16},"end":{"line":176,"column":26}},"78":{"start":{"line":177,"column":4},"end":{"line":181,"column":null}},"79":{"start":{"line":178,"column":6},"end":{"line":178,"column":null}},"80":{"start":{"line":178,"column":45},"end":{"line":178,"column":null}},"81":{"start":{"line":179,"column":19},"end":{"line":179,"column":65}},"82":{"start":{"line":180,"column":6},"end":{"line":181,"column":null}},"83":{"start":{"line":181,"column":8},"end":{"line":181,"column":null}}},"fnMap":{"0":{"name":"(anonymous_0)","decl":{"start":{"line":35,"column":2},"end":{"line":35,"column":null}},"loc":{"start":{"line":39,"column":4},"end":{"line":46,"column":null}},"line":39},"1":{"name":"(anonymous_1)","decl":{"start":{"line":45,"column":24},"end":{"line":45,"column":42}},"loc":{"start":{"line":45,"column":42},"end":{"line":45,"column":69}},"line":45},"2":{"name":"(anonymous_2)","decl":{"start":{"line":49,"column":8},"end":{"line":49,"column":15}},"loc":{"start":{"line":49,"column":85},"end":{"line":95,"column":null}},"line":49},"3":{"name":"(anonymous_3)","decl":{"start":{"line":50,"column":41},"end":{"line":50,"column":47}},"loc":{"start":{"line":50,"column":53},"end":{"line":50,"column":73}},"line":50},"4":{"name":"(anonymous_4)","decl":{"start":{"line":80,"column":17},"end":{"line":80,"column":26}},"loc":{"start":{"line":80,"column":43},"end":{"line":84,"column":null}},"line":80},"5":{"name":"(anonymous_5)","decl":{"start":{"line":86,"column":17},"end":{"line":86,"column":32}},"loc":{"start":{"line":86,"column":32},"end":{"line":88,"column":null}},"line":86},"6":{"name":"(anonymous_6)","decl":{"start":{"line":90,"column":17},"end":{"line":90,"column":32}},"loc":{"start":{"line":90,"column":32},"end":{"line":92,"column":null}},"line":90},"7":{"name":"(anonymous_7)","decl":{"start":{"line":98,"column":2},"end":{"line":98,"column":12}},"loc":{"start":{"line":98,"column":52},"end":{"line":104,"column":null}},"line":98},"8":{"name":"(anonymous_8)","decl":{"start":{"line":107,"column":2},"end":{"line":107,"column":13}},"loc":{"start":{"line":107,"column":88},"end":{"line":109,"column":null}},"line":107},"9":{"name":"(anonymous_9)","decl":{"start":{"line":112,"column":2},"end":{"line":112,"column":9}},"loc":{"start":{"line":112,"column":62},"end":{"line":117,"column":null}},"line":112},"10":{"name":"(anonymous_10)","decl":{"start":{"line":120,"column":2},"end":{"line":120,"column":36}},"loc":{"start":{"line":120,"column":36},"end":{"line":123,"column":null}},"line":120},"11":{"name":"(anonymous_11)","decl":{"start":{"line":122,"column":7},"end":{"line":122,"column":15}},"loc":{"start":{"line":122,"column":21},"end":{"line":122,"column":51}},"line":122},"12":{"name":"(anonymous_12)","decl":{"start":{"line":123,"column":7},"end":{"line":123,"column":12}},"loc":{"start":{"line":123,"column":19},"end":{"line":123,"column":35}},"line":123},"13":{"name":"(anonymous_13)","decl":{"start":{"line":126,"column":2},"end":{"line":126,"column":13}},"loc":{"start":{"line":126,"column":56},"end":{"line":128,"column":null}},"line":126},"14":{"name":"(anonymous_14)","decl":{"start":{"line":131,"column":2},"end":{"line":131,"column":8}},"loc":{"start":{"line":131,"column":33},"end":{"line":140,"column":null}},"line":131},"15":{"name":"(anonymous_15)","decl":{"start":{"line":143,"column":2},"end":{"line":143,"column":18}},"loc":{"start":{"line":143,"column":18},"end":{"line":149,"column":null}},"line":143},"16":{"name":"(anonymous_16)","decl":{"start":{"line":153,"column":2},"end":{"line":153,"column":10}},"loc":{"start":{"line":153,"column":57},"end":{"line":158,"column":null}},"line":153},"17":{"name":"(anonymous_17)","decl":{"start":{"line":161,"column":2},"end":{"line":161,"column":10}},"loc":{"start":{"line":161,"column":76},"end":{"line":171,"column":null}},"line":161},"18":{"name":"(anonymous_18)","decl":{"start":{"line":175,"column":2},"end":{"line":175,"column":10}},"loc":{"start":{"line":175,"column":39},"end":{"line":181,"column":null}},"line":175}},"branchMap":{"0":{"loc":{"start":{"line":38,"column":4},"end":{"line":38,"column":40}},"type":"default-arg","locations":[{"start":{"line":38,"column":38},"end":{"line":38,"column":40}}],"line":38},"1":{"loc":{"start":{"line":41,"column":25},"end":{"line":41,"column":null}},"type":"binary-expr","locations":[{"start":{"line":41,"column":25},"end":{"line":41,"column":50}},{"start":{"line":41,"column":50},"end":{"line":41,"column":null}}],"line":41},"2":{"loc":{"start":{"line":44,"column":28},"end":{"line":44,"column":null}},"type":"binary-expr","locations":[{"start":{"line":44,"column":28},"end":{"line":44,"column":57}},{"start":{"line":44,"column":57},"end":{"line":44,"column":null}}],"line":44},"3":{"loc":{"start":{"line":51,"column":4},"end":{"line":52,"column":null}},"type":"if","locations":[{"start":{"line":51,"column":4},"end":{"line":52,"column":null}},{"start":{},"end":{}}],"line":51},"4":{"loc":{"start":{"line":100,"column":4},"end":{"line":101,"column":null}},"type":"if","locations":[{"start":{"line":100,"column":4},"end":{"line":101,"column":null}},{"start":{},"end":{}}],"line":100},"5":{"loc":{"start":{"line":114,"column":4},"end":{"line":115,"column":null}},"type":"if","locations":[{"start":{"line":114,"column":4},"end":{"line":115,"column":null}},{"start":{},"end":{}}],"line":114},"6":{"loc":{"start":{"line":128,"column":11},"end":{"line":128,"column":null}},"type":"cond-expr","locations":[{"start":{"line":128,"column":21},"end":{"line":128,"column":43}},{"start":{"line":128,"column":46},"end":{"line":128,"column":null}}],"line":128},"7":{"loc":{"start":{"line":133,"column":4},"end":{"line":134,"column":null}},"type":"if","locations":[{"start":{"line":133,"column":4},"end":{"line":134,"column":null}},{"start":{},"end":{}}],"line":133},"8":{"loc":{"start":{"line":133,"column":8},"end":{"line":133,"column":85}},"type":"binary-expr","locations":[{"start":{"line":133,"column":8},"end":{"line":133,"column":47}},{"start":{"line":133,"column":47},"end":{"line":133,"column":85}}],"line":133},"9":{"loc":{"start":{"line":144,"column":4},"end":{"line":146,"column":null}},"type":"if","locations":[{"start":{"line":144,"column":4},"end":{"line":146,"column":null}},{"start":{},"end":{}}],"line":144},"10":{"loc":{"start":{"line":155,"column":4},"end":{"line":156,"column":null}},"type":"if","locations":[{"start":{"line":155,"column":4},"end":{"line":156,"column":null}},{"start":{},"end":{}}],"line":155},"11":{"loc":{"start":{"line":163,"column":4},"end":{"line":163,"column":null}},"type":"if","locations":[{"start":{"line":163,"column":4},"end":{"line":163,"column":null}},{"start":{},"end":{}}],"line":163},"12":{"loc":{"start":{"line":170,"column":4},"end":{"line":171,"column":null}},"type":"if","locations":[{"start":{"line":170,"column":4},"end":{"line":171,"column":null}},{"start":{},"end":{}}],"line":170},"13":{"loc":{"start":{"line":178,"column":6},"end":{"line":178,"column":null}},"type":"if","locations":[{"start":{"line":178,"column":6},"end":{"line":178,"column":null}},{"start":{},"end":{}}],"line":178},"14":{"loc":{"start":{"line":180,"column":6},"end":{"line":181,"column":null}},"type":"if","locations":[{"start":{"line":180,"column":6},"end":{"line":181,"column":null}},{"start":{},"end":{}}],"line":180}},"s":{"0":1,"1":1,"2":22,"3":22,"4":22,"5":22,"6":22,"7":22,"8":22,"9":22,"10":22,"11":3,"12":22,"13":21,"14":21,"15":21,"16":1,"17":20,"18":20,"19":20,"20":20,"21":20,"22":20,"23":1,"24":1,"25":19,"26":19,"27":19,"28":4,"29":4,"30":4,"31":19,"32":1,"33":19,"34":1,"35":19,"36":19,"37":2,"38":2,"39":0,"40":1,"41":1,"42":3,"43":3,"44":1,"45":1,"46":0,"47":1,"48":3,"49":2,"50":2,"51":6,"52":6,"53":8,"54":8,"55":0,"56":7,"57":7,"58":7,"59":7,"60":7,"61":2,"62":2,"63":2,"64":2,"65":2,"66":14,"67":14,"68":2,"69":12,"70":35,"71":35,"72":0,"73":35,"74":35,"75":35,"76":8,"77":3,"78":3,"79":2,"80":0,"81":2,"82":2,"83":1},"f":{"0":22,"1":3,"2":21,"3":21,"4":4,"5":1,"6":1,"7":2,"8":3,"9":1,"10":3,"11":2,"12":2,"13":6,"14":8,"15":2,"16":14,"17":35,"18":3},"b":{"0":[22],"1":[22,0],"2":[22,0],"3":[1,20],"4":[0,2],"5":[0,1],"6":[3,3],"7":[0,8],"8":[8,7],"9":[2,0],"10":[2,12],"11":[0,35],"12":[8,27],"13":[0,2],"14":[1,1]},"meta":{"lastBranch":15,"lastFunction":19,"lastStatement":84,"seen":{"s:26:29:26:Infinity":0,"s:27:33:27:Infinity":1,"s:30:22:30:56":2,"s:31:64:31:Infinity":3,"f:35:2:35:Infinity":0,"b:38:38:38:40":0,"s:40:4:40:Infinity":4,"s:36:12:36:Infinity":5,"s:37:12:37:Infinity":6,"s:41:4:41:Infinity":7,"b:41:25:41:50:41:50:41:Infinity":1,"s:42:4:42:Infinity":8,"s:44:28:44:Infinity":9,"b:44:28:44:57:44:57:44:Infinity":2,"s:45:4:45:Infinity":10,"f:45:24:45:42":1,"s:45:42:45:69":11,"s:46:4:46:Infinity":12,"f:49:8:49:15":2,"s:50:21:50:73":13,"f:50:41:50:47":3,"s:50:53:50:73":14,"b:51:4:52:Infinity:undefined:undefined:undefined:undefined":3,"s:51:4:52:Infinity":15,"s:52:6:52:Infinity":16,"s:55:10:55:41":17,"s:56:16:56:26":18,"s:58:37:65:Infinity":19,"s:67:19:67:61":20,"s:70:4:74:Infinity":21,"s:71:6:71:Infinity":22,"s:73:6:73:Infinity":23,"s:74:6:74:Infinity":24,"s:77:37:77:Infinity":25,"s:78:4:78:Infinity":26,"s:80:4:84:Infinity":27,"f:80:17:80:26":4,"s:81:6:81:Infinity":28,"s:82:6:82:Infinity":29,"s:83:6:83:Infinity":30,"s:86:4:88:Infinity":31,"f:86:17:86:32":5,"s:87:6:87:Infinity":32,"s:90:4:92:Infinity":33,"f:90:17:90:32":6,"s:91:6:91:Infinity":34,"s:94:4:94:Infinity":35,"s:95:4:95:Infinity":36,"f:98:2:98:12":7,"s:99:20:99:46":37,"b:100:4:101:Infinity:undefined:undefined:undefined:undefined":4,"s:100:4:101:Infinity":38,"s:101:6:101:Infinity":39,"s:103:4:103:Infinity":40,"s:104:4:104:Infinity":41,"f:107:2:107:13":8,"s:108:20:108:46":42,"s:109:4:109:Infinity":43,"f:112:2:112:9":9,"s:113:20:113:46":44,"b:114:4:115:Infinity:undefined:undefined:undefined:undefined":5,"s:114:4:115:Infinity":45,"s:115:6:115:Infinity":46,"s:117:4:117:Infinity":47,"f:120:2:120:36":10,"s:121:4:123:Infinity":48,"f:122:7:122:15":11,"s:122:21:122:51":49,"f:123:7:123:12":12,"s:123:19:123:35":50,"f:126:2:126:13":13,"s:127:20:127:49":51,"s:128:4:128:Infinity":52,"b:128:21:128:43:128:46:128:Infinity":6,"f:131:2:131:8":14,"s:132:20:132:46":53,"b:133:4:134:Infinity:undefined:undefined:undefined:undefined":7,"s:133:4:134:Infinity":54,"b:133:8:133:47:133:47:133:85":8,"s:134:6:134:Infinity":55,"s:136:4:136:Infinity":56,"s:137:4:137:Infinity":57,"s:138:4:138:Infinity":58,"s:139:4:139:Infinity":59,"s:140:4:140:Infinity":60,"f:143:2:143:18":15,"b:144:4:146:Infinity:undefined:undefined:undefined:undefined":9,"s:144:4:146:Infinity":61,"s:145:6:145:Infinity":62,"s:146:6:146:Infinity":63,"s:148:4:149:Infinity":64,"s:149:6:149:Infinity":65,"f:153:2:153:10":16,"s:154:20:154:49":66,"b:155:4:156:Infinity:undefined:undefined:undefined:undefined":10,"s:155:4:156:Infinity":67,"s:156:6:156:Infinity":68,"s:158:4:158:Infinity":69,"f:161:2:161:10":17,"s:162:27:162:Infinity":70,"b:163:4:163:Infinity:undefined:undefined:undefined:undefined":11,"s:163:4:163:Infinity":71,"s:163:35:163:Infinity":72,"s:164:4:164:Infinity":73,"s:165:4:169:Infinity":74,"b:170:4:171:Infinity:undefined:undefined:undefined:undefined":12,"s:170:4:171:Infinity":75,"s:171:6:171:Infinity":76,"f:175:2:175:10":18,"s:176:16:176:26":77,"s:177:4:181:Infinity":78,"b:178:6:178:Infinity:undefined:undefined:undefined:undefined":13,"s:178:6:178:Infinity":79,"s:178:45:178:Infinity":80,"s:179:19:179:65":81,"b:180:6:181:Infinity:undefined:undefined:undefined:undefined":14,"s:180:6:181:Infinity":82,"s:181:8:181:Infinity":83}}}
,"/Users/mriedel/dev-priv/ShellWatch/src/terminal/transport.ts": {"path":"/Users/mriedel/dev-priv/ShellWatch/src/terminal/transport.ts","statementMap":{},"fnMap":{},"branchMap":{},"s":{},"f":{},"b":{},"meta":{"lastBranch":0,"lastFunction":0,"lastStatement":0,"seen":{}}}
,"/Users/mriedel/dev-priv/ShellWatch/src/terminal/types.ts": {"path":"/Users/mriedel/dev-priv/ShellWatch/src/terminal/types.ts","statementMap":{"0":{"start":{"line":28,"column":2},"end":{"line":28,"column":null}}},"fnMap":{"0":{"name":"generateSessionId","decl":{"start":{"line":27,"column":16},"end":{"line":27,"column":44}},"loc":{"start":{"line":27,"column":44},"end":{"line":28,"column":null}},"line":27}},"branchMap":{},"s":{"0":20},"f":{"0":20},"b":{},"meta":{"lastBranch":0,"lastFunction":1,"lastStatement":1,"seen":{"f:27:16:27:44":0,"s:28:2:28:Infinity":0}}}
,"/Users/mriedel/dev-priv/ShellWatch/src/transport/index.ts": {"path":"/Users/mriedel/dev-priv/ShellWatch/src/transport/index.ts","statementMap":{},"fnMap":{},"branchMap":{},"s":{},"f":{},"b":{},"meta":{"lastBranch":0,"lastFunction":0,"lastStatement":0,"seen":{}}}
,"/Users/mriedel/dev-priv/ShellWatch/src/transport/ssh-transport.ts": {"path":"/Users/mriedel/dev-priv/ShellWatch/src/transport/ssh-transport.ts","statementMap":{"0":{"start":{"line":7,"column":27},"end":{"line":7,"column":null}},"1":{"start":{"line":9,"column":20},"end":{"line":13,"column":null}},"2":{"start":{"line":17,"column":41},"end":{"line":17,"column":null}},"3":{"start":{"line":20,"column":4},"end":{"line":20,"column":null}},"4":{"start":{"line":21,"column":4},"end":{"line":21,"column":null}},"5":{"start":{"line":22,"column":4},"end":{"line":22,"column":null}},"6":{"start":{"line":24,"column":4},"end":{"line":26,"column":null}},"7":{"start":{"line":25,"column":6},"end":{"line":25,"column":null}},"8":{"start":{"line":28,"column":4},"end":{"line":30,"column":null}},"9":{"start":{"line":29,"column":6},"end":{"line":29,"column":null}},"10":{"start":{"line":32,"column":4},"end":{"line":36,"column":null}},"11":{"start":{"line":33,"column":6},"end":{"line":33,"column":null}},"12":{"start":{"line":34,"column":6},"end":{"line":34,"column":null}},"13":{"start":{"line":35,"column":6},"end":{"line":35,"column":null}},"14":{"start":{"line":38,"column":4},"end":{"line":40,"column":null}},"15":{"start":{"line":39,"column":6},"end":{"line":39,"column":null}},"16":{"start":{"line":42,"column":4},"end":{"line":47,"column":null}},"17":{"start":{"line":43,"column":6},"end":{"line":45,"column":null}},"18":{"start":{"line":44,"column":8},"end":{"line":44,"column":null}},"19":{"start":{"line":45,"column":8},"end":{"line":45,"column":null}},"20":{"start":{"line":51,"column":4},"end":{"line":52,"column":null}},"21":{"start":{"line":52,"column":6},"end":{"line":52,"column":null}},"22":{"start":{"line":54,"column":4},"end":{"line":54,"column":null}},"23":{"start":{"line":58,"column":4},"end":{"line":59,"column":null}},"24":{"start":{"line":59,"column":6},"end":{"line":59,"column":null}},"25":{"start":{"line":61,"column":4},"end":{"line":61,"column":null}},"26":{"start":{"line":65,"column":4},"end":{"line":67,"column":null}},"27":{"start":{"line":66,"column":6},"end":{"line":66,"column":null}},"28":{"start":{"line":67,"column":6},"end":{"line":67,"column":null}},"29":{"start":{"line":69,"column":4},"end":{"line":69,"column":null}},"30":{"start":{"line":74,"column":2},"end":{"line":117,"column":null}},"31":{"start":{"line":75,"column":19},"end":{"line":75,"column":31}},"32":{"start":{"line":76,"column":10},"end":{"line":76,"column":69}},"33":{"start":{"line":78,"column":20},"end":{"line":81,"column":26}},"34":{"start":{"line":79,"column":6},"end":{"line":79,"column":null}},"35":{"start":{"line":80,"column":6},"end":{"line":80,"column":null}},"36":{"start":{"line":83,"column":4},"end":{"line":101,"column":null}},"37":{"start":{"line":84,"column":6},"end":{"line":84,"column":null}},"38":{"start":{"line":86,"column":6},"end":{"line":100,"column":null}},"39":{"start":{"line":93,"column":10},"end":{"line":96,"column":null}},"40":{"start":{"line":94,"column":12},"end":{"line":94,"column":null}},"41":{"start":{"line":95,"column":12},"end":{"line":95,"column":null}},"42":{"start":{"line":96,"column":12},"end":{"line":96,"column":null}},"43":{"start":{"line":98,"column":10},"end":{"line":98,"column":null}},"44":{"start":{"line":103,"column":4},"end":{"line":108,"column":null}},"45":{"start":{"line":104,"column":6},"end":{"line":104,"column":null}},"46":{"start":{"line":105,"column":6},"end":{"line":107,"column":null}},"47":{"start":{"line":110,"column":4},"end":{"line":116,"column":null}},"48":{"start":{"line":121,"column":2},"end":{"line":126,"column":null}},"49":{"start":{"line":122,"column":21},"end":{"line":122,"column":68}},"50":{"start":{"line":122,"column":48},"end":{"line":122,"column":68}},"51":{"start":{"line":123,"column":4},"end":{"line":124,"column":null}},"52":{"start":{"line":124,"column":6},"end":{"line":124,"column":null}},"53":{"start":{"line":126,"column":4},"end":{"line":126,"column":null}}},"fnMap":{"0":{"name":"(anonymous_0)","decl":{"start":{"line":19,"column":2},"end":{"line":19,"column":14}},"loc":{"start":{"line":19,"column":53},"end":{"line":47,"column":null}},"line":19},"1":{"name":"(anonymous_1)","decl":{"start":{"line":24,"column":14},"end":{"line":24,"column":23}},"loc":{"start":{"line":24,"column":40},"end":{"line":26,"column":null}},"line":24},"2":{"name":"(anonymous_2)","decl":{"start":{"line":28,"column":21},"end":{"line":28,"column":30}},"loc":{"start":{"line":28,"column":47},"end":{"line":30,"column":null}},"line":28},"3":{"name":"(anonymous_3)","decl":{"start":{"line":32,"column":14},"end":{"line":32,"column":29}},"loc":{"start":{"line":32,"column":29},"end":{"line":36,"column":null}},"line":32},"4":{"name":"(anonymous_4)","decl":{"start":{"line":38,"column":14},"end":{"line":38,"column":24}},"loc":{"start":{"line":38,"column":39},"end":{"line":40,"column":null}},"line":38},"5":{"name":"(anonymous_5)","decl":{"start":{"line":42,"column":14},"end":{"line":42,"column":29}},"loc":{"start":{"line":42,"column":29},"end":{"line":47,"column":null}},"line":42},"6":{"name":"(anonymous_6)","decl":{"start":{"line":50,"column":2},"end":{"line":50,"column":8}},"loc":{"start":{"line":50,"column":28},"end":{"line":54,"column":null}},"line":50},"7":{"name":"(anonymous_7)","decl":{"start":{"line":57,"column":2},"end":{"line":57,"column":9}},"loc":{"start":{"line":57,"column":43},"end":{"line":61,"column":null}},"line":57},"8":{"name":"(anonymous_8)","decl":{"start":{"line":64,"column":2},"end":{"line":64,"column":16}},"loc":{"start":{"line":64,"column":16},"end":{"line":69,"column":null}},"line":64},"9":{"name":"connectSsh","decl":{"start":{"line":73,"column":9},"end":{"line":73,"column":20}},"loc":{"start":{"line":73,"column":68},"end":{"line":117,"column":null}},"line":73},"10":{"name":"(anonymous_10)","decl":{"start":{"line":74,"column":13},"end":{"line":74,"column":22}},"loc":{"start":{"line":74,"column":42},"end":{"line":117,"column":null}},"line":74},"11":{"name":"(anonymous_11)","decl":{"start":{"line":78,"column":20},"end":{"line":78,"column":37}},"loc":{"start":{"line":78,"column":37},"end":{"line":81,"column":26}},"line":78},"12":{"name":"(anonymous_12)","decl":{"start":{"line":83,"column":14},"end":{"line":83,"column":29}},"loc":{"start":{"line":83,"column":29},"end":{"line":101,"column":null}},"line":83},"13":{"name":"(anonymous_13)","decl":{"start":{"line":91,"column":9},"end":{"line":91,"column":null}},"loc":{"start":{"line":92,"column":25},"end":{"line":100,"column":null}},"line":92},"14":{"name":"(anonymous_14)","decl":{"start":{"line":103,"column":14},"end":{"line":103,"column":24}},"loc":{"start":{"line":103,"column":32},"end":{"line":108,"column":null}},"line":103},"15":{"name":"createSshTransportFactory","decl":{"start":{"line":120,"column":16},"end":{"line":120,"column":42}},"loc":{"start":{"line":120,"column":76},"end":{"line":126,"column":null}},"line":120},"16":{"name":"(anonymous_16)","decl":{"start":{"line":121,"column":9},"end":{"line":121,"column":16}},"loc":{"start":{"line":121,"column":39},"end":{"line":126,"column":null}},"line":121},"17":{"name":"(anonymous_17)","decl":{"start":{"line":122,"column":36},"end":{"line":122,"column":42}},"loc":{"start":{"line":122,"column":48},"end":{"line":122,"column":68}},"line":122}},"branchMap":{"0":{"loc":{"start":{"line":43,"column":6},"end":{"line":45,"column":null}},"type":"if","locations":[{"start":{"line":43,"column":6},"end":{"line":45,"column":null}},{"start":{},"end":{}}],"line":43},"1":{"loc":{"start":{"line":51,"column":4},"end":{"line":52,"column":null}},"type":"if","locations":[{"start":{"line":51,"column":4},"end":{"line":52,"column":null}},{"start":{},"end":{}}],"line":51},"2":{"loc":{"start":{"line":58,"column":4},"end":{"line":59,"column":null}},"type":"if","locations":[{"start":{"line":58,"column":4},"end":{"line":59,"column":null}},{"start":{},"end":{}}],"line":58},"3":{"loc":{"start":{"line":65,"column":4},"end":{"line":67,"column":null}},"type":"if","locations":[{"start":{"line":65,"column":4},"end":{"line":67,"column":null}},{"start":{},"end":{}}],"line":65},"4":{"loc":{"start":{"line":93,"column":10},"end":{"line":96,"column":null}},"type":"if","locations":[{"start":{"line":93,"column":10},"end":{"line":96,"column":null}},{"start":{},"end":{}}],"line":93},"5":{"loc":{"start":{"line":123,"column":4},"end":{"line":124,"column":null}},"type":"if","locations":[{"start":{"line":123,"column":4},"end":{"line":124,"column":null}},{"start":{},"end":{}}],"line":123}},"s":{"0":0,"1":0,"2":0,"3":0,"4":0,"5":0,"6":0,"7":0,"8":0,"9":0,"10":0,"11":0,"12":0,"13":0,"14":0,"15":0,"16":0,"17":0,"18":0,"19":0,"20":0,"21":0,"22":0,"23":0,"24":0,"25":0,"26":0,"27":0,"28":0,"29":0,"30":0,"31":0,"32":0,"33":0,"34":0,"35":0,"36":0,"37":0,"38":0,"39":0,"40":0,"41":0,"42":0,"43":0,"44":0,"45":0,"46":0,"47":0,"48":0,"49":0,"50":0,"51":0,"52":0,"53":0},"f":{"0":0,"1":0,"2":0,"3":0,"4":0,"5":0,"6":0,"7":0,"8":0,"9":0,"10":0,"11":0,"12":0,"13":0,"14":0,"15":0,"16":0,"17":0},"b":{"0":[0,0],"1":[0,0],"2":[0,0],"3":[0,0],"4":[0,0],"5":[0,0]},"meta":{"lastBranch":6,"lastFunction":18,"lastStatement":54,"seen":{"s:7:27:7:Infinity":0,"s:9:20:13:Infinity":1,"s:17:41:17:Infinity":2,"f:19:2:19:14":0,"s:20:4:20:Infinity":3,"s:21:4:21:Infinity":4,"s:22:4:22:Infinity":5,"s:24:4:26:Infinity":6,"f:24:14:24:23":1,"s:25:6:25:Infinity":7,"s:28:4:30:Infinity":8,"f:28:21:28:30":2,"s:29:6:29:Infinity":9,"s:32:4:36:Infinity":10,"f:32:14:32:29":3,"s:33:6:33:Infinity":11,"s:34:6:34:Infinity":12,"s:35:6:35:Infinity":13,"s:38:4:40:Infinity":14,"f:38:14:38:24":4,"s:39:6:39:Infinity":15,"s:42:4:47:Infinity":16,"f:42:14:42:29":5,"b:43:6:45:Infinity:undefined:undefined:undefined:undefined":0,"s:43:6:45:Infinity":17,"s:44:8:44:Infinity":18,"s:45:8:45:Infinity":19,"f:50:2:50:8":6,"b:51:4:52:Infinity:undefined:undefined:undefined:undefined":1,"s:51:4:52:Infinity":20,"s:52:6:52:Infinity":21,"s:54:4:54:Infinity":22,"f:57:2:57:9":7,"b:58:4:59:Infinity:undefined:undefined:undefined:undefined":2,"s:58:4:59:Infinity":23,"s:59:6:59:Infinity":24,"s:61:4:61:Infinity":25,"f:64:2:64:16":8,"b:65:4:67:Infinity:undefined:undefined:undefined:undefined":3,"s:65:4:67:Infinity":26,"s:66:6:66:Infinity":27,"s:67:6:67:Infinity":28,"s:69:4:69:Infinity":29,"f:73:9:73:20":9,"s:74:2:117:Infinity":30,"f:74:13:74:22":10,"s:75:19:75:31":31,"s:76:10:76:69":32,"s:78:20:81:26":33,"f:78:20:78:37":11,"s:79:6:79:Infinity":34,"s:80:6:80:Infinity":35,"s:83:4:101:Infinity":36,"f:83:14:83:29":12,"s:84:6:84:Infinity":37,"s:86:6:100:Infinity":38,"f:91:9:91:Infinity":13,"b:93:10:96:Infinity:undefined:undefined:undefined:undefined":4,"s:93:10:96:Infinity":39,"s:94:12:94:Infinity":40,"s:95:12:95:Infinity":41,"s:96:12:96:Infinity":42,"s:98:10:98:Infinity":43,"s:103:4:108:Infinity":44,"f:103:14:103:24":14,"s:104:6:104:Infinity":45,"s:105:6:107:Infinity":46,"s:110:4:116:Infinity":47,"f:120:16:120:42":15,"s:121:2:126:Infinity":48,"f:121:9:121:16":16,"s:122:21:122:68":49,"f:122:36:122:42":17,"s:122:48:122:68":50,"b:123:4:124:Infinity:undefined:undefined:undefined:undefined":5,"s:123:4:124:Infinity":51,"s:124:6:124:Infinity":52,"s:126:4:126:Infinity":53}}}
}
